2014-Aug-10 22:47:23.091 INFO	core	Dwarf Therapist "0.6.12" starting normally. [src\dwarftherapist.cpp:141] (setup_logging)
2014-Aug-10 22:47:23.284 DEBUG	core	setting up connections for MainWindow [src\mainwindow.cpp:149] (MainWindow)
2014-Aug-10 22:47:23.291 DEBUG	core	beginning to read settings [src\dwarftherapist.cpp:163] (read_settings)
2014-Aug-10 22:47:23.301 DEBUG	core	finished reading settings [src\dwarftherapist.cpp:228] (read_settings)
2014-Aug-10 22:47:23.328 DEBUG	core	attempting connection to running DF game [src\mainwindow.cpp:307] (connect_to_df)
2014-Aug-10 22:47:23.330 DEBUG	core	adding valid layout "v0.34.11 (graphics)" "0x4fcc9488" [src\dfinstance.cpp:119] (DFInstance)
2014-Aug-10 22:47:23.331 DEBUG	core	adding valid layout "v0.34.10 (graphics)" "0x4fba073a" [src\dfinstance.cpp:119] (DFInstance)
2014-Aug-10 22:47:23.332 DEBUG	core	adding valid layout "v0.34.09 (graphics)" "0x4fb4c506" [src\dfinstance.cpp:119] (DFInstance)
2014-Aug-10 22:47:23.333 DEBUG	core	adding valid layout "v0.34.08 (graphics)" "0x4fb0ccba" [src\dfinstance.cpp:119] (DFInstance)
2014-Aug-10 22:47:23.334 DEBUG	core	adding valid layout "v0.34.07 (graphics)" "0x4f7592fe" [src\dfinstance.cpp:119] (DFInstance)
2014-Aug-10 22:47:23.335 DEBUG	core	attempting to find running copy of DF by window handle [src\dfinstancewindows.cpp:189] (find_running_copy)
2014-Aug-10 22:47:23.335 DEBUG	core	found copy with HWND:  0x9d1258 [src\dfinstancewindows.cpp:205] (find_running_copy)
2014-Aug-10 22:47:23.335 DEBUG	core	PID of process is:  4828 [src\dfinstancewindows.cpp:212] (find_running_copy)
2014-Aug-10 22:47:23.335 DEBUG	core	PROC HANDLE: 0x210 [src\dfinstancewindows.cpp:220] (find_running_copy)
2014-Aug-10 22:47:23.335 DEBUG	core	PEB is at:  0x7f424000 [src\dfinstancewindows.cpp:226] (find_running_copy)
2014-Aug-10 22:47:23.335 DEBUG	core	read 12 bytes BASE ADDR is at:  0xf0000 [src\dfinstancewindows.cpp:239] (find_running_copy)
2014-Aug-10 22:47:23.335 DEBUG	core	Target EXE was compiled at  "2012-06-04T12:57:12" [src\dfinstancewindows.cpp:70] (calculate_checksum)
2014-Aug-10 22:47:23.335 DEBUG	core	DF's checksum is: "0x4fcc9488" [src\dfinstance.cpp:1403] (get_memory_layout)
2014-Aug-10 22:47:23.335 INFO	core	Detected Dwarf Fortress version "v0.34.11 (graphics)" using MemoryLayout from "C:/MDF5/MasterworkDF V6/MasterworkDwarfFortress/Utilities/DwarfTherapist/etc/memory_layouts/windows/v0.34.11_graphics.ini" [src\dfinstance.cpp:1415] (get_memory_layout)
2014-Aug-10 22:47:23.335 DEBUG	core	base address: "0x000f0000" [src\dfinstancewindows.cpp:261] (find_running_copy)
2014-Aug-10 22:47:23.335 DEBUG	core	memory correction: "0xffcf0000" [src\dfinstancewindows.cpp:262] (find_running_copy)
2014-Aug-10 22:47:23.364 DEBUG	core	MEMORY SEGMENT SUMMARY: accepted 4759 rejected 4025 total 8784 [src\dfinstancewindows.cpp:368] (map_virtual_memory)
2014-Aug-10 22:47:23.364 DEBUG	core	GetModuleFileNameEx returned:  "C:\MDF5\MasterworkDF V6\Dwarf Fortress\Dwarf Fortress.exe" [src\dfinstancewindows.cpp:275] (find_running_copy)
2014-Aug-10 22:47:23.364 INFO	core	Dwarf fortress path: "C:/MDF5/MasterworkDF V6/Dwarf Fortress" [src\dfinstancewindows.cpp:278] (find_running_copy)
2014-Aug-10 22:47:23.365 DEBUG	core	Connection to DF version "v0.34.11 (graphics)" established. [src\mainwindow.cpp:335] (connect_to_df)
2014-Aug-10 22:47:23.395 DEBUG	core	MEMORY SEGMENT SUMMARY: accepted 4759 rejected 4025 total 8784 [src\dfinstancewindows.cpp:368] (map_virtual_memory)
2014-Aug-10 22:47:23.395 DEBUG	core	Loading language translation tables [src\languages.cpp:58] (load_data)
2014-Aug-10 22:47:23.395 DEBUG	core	Loading generic strings from 155e8e0 [src\languages.cpp:72] (load_data)
2014-Aug-10 22:47:23.396 DEBUG	core	generic words 2189 [src\languages.cpp:74] (load_data)
2014-Aug-10 22:47:23.698 WARNING	core	vector at "0x015641c0" has over 5000 entries! ( 7836 ) [src\dfinstancewindows.cpp:87] (enumerate_vector)
2014-Aug-10 22:47:24.135 DEBUG	core	dwarf race index "0x01346ffc" "0x01656ffc" (UNCORRECTED) [src\dfinstance.cpp:367] (load_game_data)
2014-Aug-10 22:47:24.135 DEBUG	core	dwarf race: "0x00000235" [src\dfinstance.cpp:372] (load_game_data)
2014-Aug-10 22:47:24.659 INFO	core	Loaded 13 views from disk [src\viewmanager.cpp:191] (reload_views)
2014-Aug-10 22:47:24.661 DEBUG	core	group_by now set to 5  for view  "Labors" [src\models\dwarfmodel.cpp:688] (set_group_by)
2014-Aug-10 22:47:24.671 DEBUG	core	group_by now set to 5  for view  "Labors" [src\models\dwarfmodel.cpp:688] (set_group_by)
2014-Aug-10 22:47:24.671 DEBUG	core	"redrew views in 12ms" [src\viewmanager.cpp:322] (draw_views)
2014-Aug-10 22:47:24.673 DEBUG	core	loading squads from  "0x01558c98" "0x01868c98" (UNCORRECTED) [src\dfinstance.cpp:865] (load_squads)
2014-Aug-10 22:47:24.702 DEBUG	core	MEMORY SEGMENT SUMMARY: accepted 4773 rejected 4025 total 8798 [src\dfinstancewindows.cpp:368] (map_virtual_memory)
2014-Aug-10 22:47:24.702 DEBUG	core	loading creatures from  "0x0151a988" "0x0182a988" (UNCORRECTED) [src\dfinstance.cpp:447] (load_dwarves)
2014-Aug-10 22:47:24.702 DEBUG	core	current year "0x00d4d32c" "0x0105d32c" (UNCORRECTED) [src\dfinstance.cpp:449] (load_dwarves)
2014-Aug-10 22:47:24.702 DEBUG	core	civilization id: "0x00000007" [src\dfinstance.cpp:455] (load_dwarves)
2014-Aug-10 22:47:24.702 DEBUG	core	current year: 57 [src\dfinstance.cpp:458] (load_dwarves)
2014-Aug-10 22:47:24.705 DEBUG	core	using active units [src\dfinstance.cpp:940] (get_creatures)
2014-Aug-10 22:47:24.722 DEBUG	core	Ignoring "Unknown (Stukos Emarshulmik)" who appears to be "Dead, Jim." [src\dwarf.cpp:228] (has_invalid_flags)
2014-Aug-10 22:47:24.723 DEBUG	core	Ignoring "Unknown (Fenglel Adagongos)" who appears to be "Dead, Jim." [src\dwarf.cpp:228] (has_invalid_flags)
2014-Aug-10 22:47:24.723 DEBUG	core	Ignoring "Unknown (Ineth Mengnanul)" who appears to be "Dead, Jim." [src\dwarf.cpp:228] (has_invalid_flags)
2014-Aug-10 22:47:24.725 DEBUG	core	FOUND DWARF "0x0cf00058" "Tholtig Mengumid" [src\dfinstance.cpp:476] (load_dwarves)
2014-Aug-10 22:47:24.726 DEBUG	core	Ignoring "Unknown (Id Unibsezuk)" who appears to be "Dead, Jim." [src\dwarf.cpp:228] (has_invalid_flags)
2014-Aug-10 22:47:24.726 DEBUG	core	Ignoring "Unknown (Thikut Eshonib)" who appears to be "Dead, Jim." [src\dwarf.cpp:228] (has_invalid_flags)
2014-Aug-10 22:47:24.726 DEBUG	core	Ignoring "Unknown (Sulus Sarveshokab)" who appears to be "Dead, Jim." [src\dwarf.cpp:228] (has_invalid_flags)
2014-Aug-10 22:47:24.726 DEBUG	core	FOUND BEAST "0x0cefea48" "Dog" [src\dfinstance.cpp:489] (load_dwarves)
2014-Aug-10 22:47:24.727 DEBUG	core	FOUND BEAST "0x0cf02170" "Cat" [src\dfinstance.cpp:489] (load_dwarves)
2014-Aug-10 22:47:24.727 DEBUG	core	Ignoring "Unknown (Tath Kilrudfak)" who appears to be "Dead, Jim." [src\dwarf.cpp:228] (has_invalid_flags)
2014-Aug-10 22:47:24.727 DEBUG	core	Ignoring "Unknown (Kugik Miskel)" who appears to be "Dead, Jim." [src\dwarf.cpp:228] (has_invalid_flags)
2014-Aug-10 22:47:24.727 DEBUG	core	Ignoring "Unknown (Lorbam Ulzestkib)" who appears to be "Dead, Jim." [src\dwarf.cpp:228] (has_invalid_flags)
2014-Aug-10 22:47:24.728 DEBUG	core	Ignoring "Unknown (Dobar Immastzevut)" who appears to be "Dead, Jim." [src\dwarf.cpp:228] (has_invalid_flags)
2014-Aug-10 22:47:24.728 DEBUG	core	FOUND BEAST "0x37932fb0" "Cow Calf" [src\dfinstance.cpp:489] (load_dwarves)
2014-Aug-10 22:47:24.728 DEBUG	core	Ignoring "Unknown (Ingtak Bumaluzol)" who appears to be "Dead, Jim." [src\dwarf.cpp:228] (has_invalid_flags)
2014-Aug-10 22:47:24.729 DEBUG	core	Ignoring "Unknown (Ashmon Rirastost)" who appears to be "Dead, Jim." [src\dwarf.cpp:228] (has_invalid_flags)
2014-Aug-10 22:47:24.729 DEBUG	core	Ignoring "Unknown (Zuntir Thabostrisid)" who appears to be "Dead, Jim." [src\dwarf.cpp:228] (has_invalid_flags)
2014-Aug-10 22:47:24.729 DEBUG	core	Ignoring "Unknown (Arust Athamsulus)" who appears to be "Dead, Jim." [src\dwarf.cpp:228] (has_invalid_flags)
2014-Aug-10 22:47:24.729 DEBUG	core	Ignoring "Unknown (Shorast Lidodtulon)" who appears to be "Dead, Jim." [src\dwarf.cpp:228] (has_invalid_flags)
2014-Aug-10 22:47:24.730 DEBUG	core	FOUND BEAST "0x3793d528" "Hawk (Sosh Ongetmingkil)" [src\dfinstance.cpp:489] (load_dwarves)
2014-Aug-10 22:47:24.730 DEBUG	core	Found migrant  "Ngithol Okcatten" [src\dwarf.cpp:339] (is_valid)
2014-Aug-10 22:47:24.731 DEBUG	core	FOUND DWARF "0x37949bb8" "Ngithol Okcatten" [src\dfinstance.cpp:476] (load_dwarves)
2014-Aug-10 22:47:24.731 DEBUG	core	Ignoring "Unknown (Shusug Enurustuth)" who appears to be "Dead, Jim." [src\dwarf.cpp:228] (has_invalid_flags)
2014-Aug-10 22:47:24.732 DEBUG	core	Ignoring "Unknown (Ducim Nestethtosid)" who appears to be "Dead, Jim." [src\dwarf.cpp:228] (has_invalid_flags)
2014-Aug-10 22:47:24.732 DEBUG	core	read  6  in  26 ms [src\dfinstance.cpp:494] (load_dwarves)
2014-Aug-10 22:47:24.749 INFO	core	found 6 dwarves out of 1941 creatures [src\dfinstance.cpp:518] (load_dwarves)
2014-Aug-10 22:47:24.749 DEBUG	core	group_by now set to 5  for view  "Labors" [src\models\dwarfmodel.cpp:688] (set_group_by)
2014-Aug-10 22:47:28.763 DEBUG	core	group_by now set to 2  for view  "Labors" [src\models\dwarfmodel.cpp:688] (set_group_by)
2014-Aug-10 22:47:43.372 DEBUG	core	MEMORY SEGMENT SUMMARY: accepted 4773 rejected 4025 total 8798 [src\dfinstancewindows.cpp:368] (map_virtual_memory)
2014-Aug-10 22:48:03.393 DEBUG	core	MEMORY SEGMENT SUMMARY: accepted 4760 rejected 4010 total 8770 [src\dfinstancewindows.cpp:368] (map_virtual_memory)
2014-Aug-10 22:48:23.353 DEBUG	core	MEMORY SEGMENT SUMMARY: accepted 4760 rejected 4010 total 8770 [src\dfinstancewindows.cpp:368] (map_virtual_memory)
2014-Aug-10 22:48:36.522 INFO	core	Beginning shutdown [src\mainwindow.cpp:297] (closeEvent)
2014-Aug-10 22:48:36.522 DEBUG	core	beginning to write settings [src\mainwindow.cpp:274] (write_settings)
2014-Aug-10 22:48:36.523 DEBUG	core	finished writing settings [src\mainwindow.cpp:292] (write_settings)
2014-Aug-10 22:48:36.523 INFO	core	Closing Dwarf Therapist normally [src\mainwindow.cpp:303] (closeEvent)
